<?xml version="1.0" encoding="UTF-8"?>
<!-- Generated by org.testng.reporters.JUnitReportReporter -->
<testsuite hostname="Yerramsetty" name="com.acti.testCase.TestDeleteCustomer" tests="1" failures="0" timestamp="1 May 2020 13:02:30 GMT" time="27.254" errors="0">
  <testcase name="DeleteCustomer" time="27.254" classname="com.acti.testCase.TestDeleteCustomer"/>
</testsuite> <!-- com.acti.testCase.TestDeleteCustomer -->
