<?xml version="1.0" encoding="UTF-8"?>
<!-- Generated by org.testng.reporters.JUnitReportReporter -->
<testsuite hostname="Yerramsetty" name="com.acti.Base.DriverClass" tests="1" failures="0" timestamp="28 Apr 2020 02:06:57 GMT" time="7.371" errors="0">
  <testcase name="getdriver" time="7.371" classname="com.acti.Base.DriverClass"/>
</testsuite> <!-- com.acti.Base.DriverClass -->
