<?xml version="1.0" encoding="UTF-8"?>
<!-- Generated by org.testng.reporters.JUnitReportReporter -->
<testsuite hostname="Yerramsetty" name="com.acti.Base.DriverClass" tests="1" failures="0" timestamp="30 Apr 2020 23:24:57 GMT" time="13.179" errors="0">
  <testcase name="initApp" time="13.179" classname="com.acti.Base.DriverClass"/>
</testsuite> <!-- com.acti.Base.DriverClass -->
