<?xml version="1.0" encoding="UTF-8"?>
<!-- Generated by org.testng.reporters.JUnitReportReporter -->
<testsuite hostname="Yerramsetty" name="com.acti.testCase.TestCreateCustomer" tests="1" failures="0" timestamp="1 May 2020 12:30:39 GMT" time="22.288" errors="0">
  <testcase name="CreateCustomer" time="22.288" classname="com.acti.testCase.TestCreateCustomer"/>
</testsuite> <!-- com.acti.testCase.TestCreateCustomer -->
